app/build/intermediates/manifest_merge_blame_file/debug/processDebugMainManifest/manifest-merger-blame-debug-report.txt
1<?xml version="1.0" encoding="utf-8"?>
2<manifest xmlns:android="http://schemas.android.com/apk/res/android"
3    xmlns:ns1="http://schemas.android.com/apk/distribution"
4    xmlns:ns2="http://schemas.android.com/apk/distribution"
5    package="com.pokemodpro.vn"
6    android:compileSdkVersion="33"
7    android:compileSdkVersionCodename="13"
8    android:installLocation="auto"
9    android:versionCode="6900"
10    android:versionName="69.0.0"
11    ns1:requiredSplitTypes="base__abi,base__density"
12    ns2:splitTypes="" >
13
14    <uses-sdk
14-->src\main\AndroidManifest.xml:14:5-17:42
15        android:minSdkVersion="19"
15-->src\main\AndroidManifest.xml:15:9-35
16        android:targetSdkVersion="33" />
16-->src\main\AndroidManifest.xml:16:9-38
17
18    <supports-screens
18-->src\main\AndroidManifest.xml:18:5-22:38
19        android:anyDensity="true"
19-->src\main\AndroidManifest.xml:19:9-34
20        android:largeScreens="true"
20-->src\main\AndroidManifest.xml:22:9-36
21        android:normalScreens="true"
21-->src\main\AndroidManifest.xml:21:9-37
22        android:smallScreens="true" />
22-->src\main\AndroidManifest.xml:20:9-36
23
24    <uses-permission android:name="android.permission.INTERNET" />
24-->src\main\AndroidManifest.xml:23:5-66
24-->src\main\AndroidManifest.xml:23:22-64
25    <uses-permission android:name="android.permission.POST_NOTIFICATIONS" />
25-->src\main\AndroidManifest.xml:24:5-77
25-->src\main\AndroidManifest.xml:24:22-74
26    <uses-permission
26-->src\main\AndroidManifest.xml:25:5-27:37
27        android:name="android.permission.WRITE_EXTERNAL_STORAGE"
27-->src\main\AndroidManifest.xml:26:9-65
28        android:maxSdkVersion="32" />
28-->src\main\AndroidManifest.xml:27:9-35
29    <uses-permission android:name="android.permission.ACCESS_NETWORK_STATE" />
29-->src\main\AndroidManifest.xml:28:5-78
29-->src\main\AndroidManifest.xml:28:22-76
30    <uses-permission android:name="android.permission.WAKE_LOCK" />
30-->src\main\AndroidManifest.xml:29:5-67
30-->src\main\AndroidManifest.xml:29:22-65
31    <uses-permission android:name="com.android.vending.CHECK_LICENSE" />
31-->src\main\AndroidManifest.xml:30:5-72
31-->src\main\AndroidManifest.xml:30:22-70
32    <uses-permission android:name="android.permission.ACCESS_WIFI_STATE" />
32-->src\main\AndroidManifest.xml:31:5-75
32-->src\main\AndroidManifest.xml:31:22-73
33    <uses-permission android:name="android.permission.RECEIVE_USER_PRESENT" />
33-->src\main\AndroidManifest.xml:32:5-78
33-->src\main\AndroidManifest.xml:32:22-76
34    <uses-permission android:name="android.permission.SCHEDULE_EXACT_ALARM" />
34-->src\main\AndroidManifest.xml:33:5-78
34-->src\main\AndroidManifest.xml:33:22-76
35    <uses-permission
35-->src\main\AndroidManifest.xml:34:5-36:37
36        android:name="android.permission.READ_EXTERNAL_STORAGE"
36-->src\main\AndroidManifest.xml:35:9-64
37        android:maxSdkVersion="32" />
37-->src\main\AndroidManifest.xml:36:9-35
38    <uses-permission android:name="android.permission.GET_TASKS" />
38-->src\main\AndroidManifest.xml:37:5-67
38-->src\main\AndroidManifest.xml:37:22-65
39    <uses-permission android:name="android.permission.READ_MEDIA_IMAGES" />
39-->src\main\AndroidManifest.xml:38:5-75
39-->src\main\AndroidManifest.xml:38:22-73
40
41    <queries>
41-->src\main\AndroidManifest.xml:39:5-45:15
42        <intent>
42-->src\main\AndroidManifest.xml:40:9-43:18
43            <action android:name="android.intent.action.SEND" />
43-->src\main\AndroidManifest.xml:41:13-64
43-->src\main\AndroidManifest.xml:41:21-62
44
45            <data android:mimeType="image/jpeg" />
45-->src\main\AndroidManifest.xml:42:13-50
45-->src\main\AndroidManifest.xml:42:19-48
46        </intent>
47
48        <package android:name="com.facebook.katana" />
48-->src\main\AndroidManifest.xml:44:9-54
48-->src\main\AndroidManifest.xml:44:18-52
49    </queries>
50
51    <uses-permission android:name="com.google.android.gms.permission.AD_ID" />
51-->src\main\AndroidManifest.xml:46:5-78
51-->src\main\AndroidManifest.xml:46:22-76
52    <uses-permission android:name="com.android.vending.BILLING" />
52-->src\main\AndroidManifest.xml:47:5-66
52-->src\main\AndroidManifest.xml:47:22-64
53
54    <permission
54-->src\main\AndroidManifest.xml:48:5-50:46
55        android:name="com.pokemodpro.vn.permission.C2D_MESSAGE"
55-->src\main\AndroidManifest.xml:49:9-64
56        android:protectionLevel="signature" />
56-->src\main\AndroidManifest.xml:50:9-44
57
58    <uses-permission android:name="com.pokemodpro.vn.permission.C2D_MESSAGE" />
58-->src\main\AndroidManifest.xml:51:5-79
58-->src\main\AndroidManifest.xml:51:22-77
59    <uses-permission android:name="com.google.android.c2dm.permission.RECEIVE" />
59-->src\main\AndroidManifest.xml:52:5-81
59-->src\main\AndroidManifest.xml:52:22-79
60    <uses-permission android:name="com.google.android.finsky.permission.BIND_GET_INSTALL_REFERRER_SERVICE" />
60-->src\main\AndroidManifest.xml:53:5-109
60-->src\main\AndroidManifest.xml:53:22-107
61
62    <permission
62-->src\main\AndroidManifest.xml:54:5-56:46
63        android:name="com.pokemodpro.vn.DYNAMIC_RECEIVER_NOT_EXPORTED_PERMISSION"
63-->src\main\AndroidManifest.xml:55:9-82
64        android:protectionLevel="signature" />
64-->src\main\AndroidManifest.xml:56:9-44
65
66    <uses-permission android:name="com.pokemodpro.vn.DYNAMIC_RECEIVER_NOT_EXPORTED_PERMISSION" />
66-->src\main\AndroidManifest.xml:57:5-97
66-->src\main\AndroidManifest.xml:57:22-95
67
68    <application
68-->src\main\AndroidManifest.xml:58:5-208:19
69        android:name="com.bdesfamlqk.ynufhaz.BfwEcYUMp"
69-->src\main\AndroidManifest.xml:60:9-56
70        android:allowBackup="true"
70-->src\main\AndroidManifest.xml:61:9-35
71        android:appComponentFactory="androidx.core.app.CoreComponentFactory"
71-->src\main\AndroidManifest.xml:65:9-77
72        android:debuggable="true"
73        android:extractNativeLibs="false"
73-->src\main\AndroidManifest.xml:63:9-42
74        android:isSplitRequired="true"
74-->src\main\AndroidManifest.xml:66:9-39
75        android:label="@string/app_name_mod"
75-->src\main\AndroidManifest.xml:59:9-45
76        android:requestLegacyExternalStorage="true"
76-->src\main\AndroidManifest.xml:67:9-52
77        android:supportsRtl="true"
77-->src\main\AndroidManifest.xml:62:9-35
78        android:testOnly="true"
79        android:usesCleartextTraffic="true" >
79-->src\main\AndroidManifest.xml:64:9-44
80        <meta-data
80-->src\main\AndroidManifest.xml:69:9-71:34
81            android:name="android.max_aspect"
81-->src\main\AndroidManifest.xml:70:13-46
82            android:value="2.1" />
82-->src\main\AndroidManifest.xml:71:13-32
83
84        <activity
84-->src\main\AndroidManifest.xml:72:9-84:20
85            android:name="com.bdesfamlqk.ynufhaz.XVlfRcH"
85-->src\main\AndroidManifest.xml:74:13-58
86            android:allowTaskReparenting="true"
86-->src\main\AndroidManifest.xml:79:13-48
87            android:configChanges="layoutDirection|screenSize|orientation|navigation|keyboardHidden|keyboard"
87-->src\main\AndroidManifest.xml:78:13-110
88            android:exported="true"
88-->src\main\AndroidManifest.xml:75:13-36
89            android:launchMode="singleTop"
89-->src\main\AndroidManifest.xml:76:13-43
90            android:screenOrientation="sensorLandscape"
90-->src\main\AndroidManifest.xml:77:13-56
91            android:theme="@android:style/Theme.NoTitleBar.Fullscreen" >
91-->src\main\AndroidManifest.xml:73:13-71
92            <intent-filter>
92-->src\main\AndroidManifest.xml:80:13-83:29
93                <action android:name="android.intent.action.MAIN" />
93-->src\main\AndroidManifest.xml:81:17-68
93-->src\main\AndroidManifest.xml:81:25-66
94
95                <category android:name="android.intent.category.LAUNCHER" />
95-->src\main\AndroidManifest.xml:82:17-76
95-->src\main\AndroidManifest.xml:82:27-74
96            </intent-filter>
97        </activity>
98        <activity
98-->src\main\AndroidManifest.xml:85:9-96:20
99            android:name="com.lomfsqxinjb.KRgTbxlWh.PCJDkVISZlhELOr"
99-->src\main\AndroidManifest.xml:87:13-69
100            android:allowTaskReparenting="true"
100-->src\main\AndroidManifest.xml:91:13-48
101            android:configChanges="layoutDirection|screenSize|orientation|navigation|keyboardHidden|keyboard"
101-->src\main\AndroidManifest.xml:90:13-110
102            android:exported="false"
102-->src\main\AndroidManifest.xml:88:13-37
103            android:screenOrientation="sensorLandscape"
103-->src\main\AndroidManifest.xml:89:13-56
104            android:theme="@android:style/Theme.NoTitleBar.Fullscreen" >
104-->src\main\AndroidManifest.xml:86:13-71
105            <intent-filter>
105-->src\main\AndroidManifest.xml:92:13-95:29
106                <action android:name="android.intent.action.MAIN" />
106-->src\main\AndroidManifest.xml:81:17-68
106-->src\main\AndroidManifest.xml:81:25-66
107
108                <category android:name="android.intent.category.DEFAULT" />
108-->src\main\AndroidManifest.xml:94:17-75
108-->src\main\AndroidManifest.xml:94:27-73
109            </intent-filter>
110        </activity>
111
112        <receiver
112-->src\main\AndroidManifest.xml:97:9-99:40
113            android:name="com.lomfsqxinjb.KRgTbxlWh.VGTARlgvP"
113-->src\main\AndroidManifest.xml:98:13-63
114            android:process=":remote" />
114-->src\main\AndroidManifest.xml:99:13-38
115
116        <meta-data
116-->src\main\AndroidManifest.xml:100:9-102:32
117            android:name="iap:api_version"
117-->src\main\AndroidManifest.xml:101:13-43
118            android:value="4" />
118-->src\main\AndroidManifest.xml:102:13-30
119
120        <activity
120-->src\main\AndroidManifest.xml:103:9-106:51
121            android:name="com.sfyvctwaqbjhki.uwmpqfh.ebvmj.YuHblIgwNAmtVR"
121-->src\main\AndroidManifest.xml:105:13-75
122            android:screenOrientation="portrait"
122-->src\main\AndroidManifest.xml:106:13-49
123            android:theme="@android:style/Theme.Black.NoTitleBar.Fullscreen" />
123-->src\main\AndroidManifest.xml:104:13-77
124
125        <receiver
125-->src\main\AndroidManifest.xml:107:9-116:20
126            android:name="com.sfyvctwaqbjhki.uwmpqfh.epbnq.IghKACSecQpXL"
126-->src\main\AndroidManifest.xml:108:13-74
127            android:exported="true" >
127-->src\main\AndroidManifest.xml:109:13-36
128            <intent-filter>
128-->src\main\AndroidManifest.xml:110:13-115:29
129                <action android:name="android.intent.action.PACKAGE_ADDED" />
129-->src\main\AndroidManifest.xml:111:17-77
129-->src\main\AndroidManifest.xml:111:25-75
130                <action android:name="android.intent.action.PACKAGE_REPLACED" />
130-->src\main\AndroidManifest.xml:112:17-80
130-->src\main\AndroidManifest.xml:112:25-78
131                <action android:name="android.intent.action.PACKAGE_REMOVED" />
131-->src\main\AndroidManifest.xml:113:17-79
131-->src\main\AndroidManifest.xml:113:25-77
132
133                <data android:scheme="package" />
133-->src\main\AndroidManifest.xml:42:13-50
133-->src\main\AndroidManifest.xml:114:23-47
134            </intent-filter>
135        </receiver>
136        <receiver
136-->src\main\AndroidManifest.xml:117:9-124:20
137            android:name="com.adjust.sdk.AdjustReferrerReceiver"
137-->src\main\AndroidManifest.xml:118:13-65
138            android:exported="true"
138-->src\main\AndroidManifest.xml:120:13-36
139            android:permission="android.permission.INSTALL_PACKAGES" >
139-->src\main\AndroidManifest.xml:119:13-69
140            <intent-filter>
140-->src\main\AndroidManifest.xml:121:13-123:29
141                <action android:name="com.android.vending.INSTALL_REFERRER" />
141-->src\main\AndroidManifest.xml:122:17-78
141-->src\main\AndroidManifest.xml:122:25-76
142            </intent-filter>
143        </receiver>
144
145        <meta-data
145-->src\main\AndroidManifest.xml:125:9-127:51
146            android:name="com.facebook.sdk.ApplicationId"
146-->src\main\AndroidManifest.xml:126:13-58
147            android:value="@string/pg_fb_app_id" />
147-->src\main\AndroidManifest.xml:127:13-49
148        <meta-data
148-->src\main\AndroidManifest.xml:128:9-130:57
149            android:name="com.facebook.sdk.ClientToken"
149-->src\main\AndroidManifest.xml:129:13-56
150            android:value="@string/pg_fb_client_token" />
150-->src\main\AndroidManifest.xml:130:13-55
151
152        <activity
152-->src\main\AndroidManifest.xml:131:9-135:65
153            android:name="me.weyye.hipermission.PermissionActivity"
153-->src\main\AndroidManifest.xml:133:13-68
154            android:configChanges="orientation|keyboardHidden"
154-->src\main\AndroidManifest.xml:135:13-63
155            android:screenOrientation="portrait"
155-->src\main\AndroidManifest.xml:134:13-49
156            android:theme="@style/CustomTheme_Dialog" />
156-->src\main\AndroidManifest.xml:132:13-54
157        <activity
157-->src\main\AndroidManifest.xml:136:9-139:98
158            android:name="com.facebook.FacebookActivity"
158-->src\main\AndroidManifest.xml:138:13-57
159            android:configChanges="screenSize|screenLayout|orientation|keyboardHidden|keyboard"
159-->src\main\AndroidManifest.xml:139:13-96
160            android:theme="@style/com_facebook_activity_theme" />
160-->src\main\AndroidManifest.xml:137:13-63
161        <activity android:name="com.facebook.CustomTabMainActivity" />
161-->src\main\AndroidManifest.xml:140:9-70
161-->src\main\AndroidManifest.xml:140:19-68
162        <activity
162-->src\main\AndroidManifest.xml:141:9-152:20
163            android:name="com.facebook.CustomTabActivity"
163-->src\main\AndroidManifest.xml:142:13-58
164            android:exported="true" >
164-->src\main\AndroidManifest.xml:143:13-36
165            <intent-filter>
165-->src\main\AndroidManifest.xml:144:13-151:29
166                <action android:name="android.intent.action.VIEW" />
166-->src\main\AndroidManifest.xml:145:17-68
166-->src\main\AndroidManifest.xml:145:25-66
167
168                <category android:name="android.intent.category.DEFAULT" />
168-->src\main\AndroidManifest.xml:94:17-75
168-->src\main\AndroidManifest.xml:94:27-73
169                <category android:name="android.intent.category.BROWSABLE" />
169-->src\main\AndroidManifest.xml:147:17-77
169-->src\main\AndroidManifest.xml:147:27-75
170
171                <data
171-->src\main\AndroidManifest.xml:42:13-50
172                    android:host="cct.com.pokemodpro.vn"
172-->src\main\AndroidManifest.xml:150:21-57
173                    android:scheme="fbconnect" />
173-->src\main\AndroidManifest.xml:114:23-47
174            </intent-filter>
175        </activity>
176
177        <provider
177-->src\main\AndroidManifest.xml:153:9-156:75
178            android:name="com.facebook.internal.FacebookInitProvider"
178-->src\main\AndroidManifest.xml:154:13-70
179            android:authorities="com.pokemodpro.vn.FacebookInitProvider"
179-->src\main\AndroidManifest.xml:156:13-73
180            android:exported="false" />
180-->src\main\AndroidManifest.xml:155:13-37
181
182        <receiver
182-->src\main\AndroidManifest.xml:157:9-163:20
183            android:name="com.facebook.CurrentAccessTokenExpirationBroadcastReceiver"
183-->src\main\AndroidManifest.xml:158:13-86
184            android:exported="false" >
184-->src\main\AndroidManifest.xml:159:13-37
185            <intent-filter>
185-->src\main\AndroidManifest.xml:160:13-162:29
186                <action android:name="com.facebook.sdk.ACTION_CURRENT_ACCESS_TOKEN_CHANGED" />
186-->src\main\AndroidManifest.xml:161:17-94
186-->src\main\AndroidManifest.xml:161:25-92
187            </intent-filter>
188        </receiver>
189        <receiver
189-->src\main\AndroidManifest.xml:164:9-170:20
190            android:name="com.facebook.AuthenticationTokenManager.CurrentAuthenticationTokenChangedBroadcastReceiver"
190-->src\main\AndroidManifest.xml:165:13-118
191            android:exported="false" >
191-->src\main\AndroidManifest.xml:166:13-37
192            <intent-filter>
192-->src\main\AndroidManifest.xml:167:13-169:29
193                <action android:name="com.facebook.sdk.ACTION_CURRENT_AUTHENTICATION_TOKEN_CHANGED" />
193-->src\main\AndroidManifest.xml:168:17-102
193-->src\main\AndroidManifest.xml:168:25-100
194            </intent-filter>
195        </receiver>
196
197        <meta-data
197-->src\main\AndroidManifest.xml:171:9-173:36
198            android:name="com.google.android.play.billingclient.version"
198-->src\main\AndroidManifest.xml:172:13-73
199            android:value="5.0.0" />
199-->src\main\AndroidManifest.xml:173:13-34
200
201        <activity
201-->src\main\AndroidManifest.xml:174:9-178:98
202            android:name="com.android.billingclient.api.ProxyBillingActivity"
202-->src\main\AndroidManifest.xml:176:13-78
203            android:configChanges="screenSize|screenLayout|orientation|keyboardHidden|keyboard"
203-->src\main\AndroidManifest.xml:178:13-96
204            android:exported="false"
204-->src\main\AndroidManifest.xml:177:13-37
205            android:theme="@android:style/Theme.Translucent.NoTitleBar" />
205-->src\main\AndroidManifest.xml:175:13-72
206
207        <meta-data
207-->src\main\AndroidManifest.xml:179:9-181:68
208            android:name="com.google.android.gms.version"
208-->src\main\AndroidManifest.xml:180:13-58
209            android:value="@integer/google_play_services_version" />
209-->src\main\AndroidManifest.xml:181:13-66
210
211        <provider
211-->src\main\AndroidManifest.xml:182:9-192:20
212            android:name="androidx.startup.InitializationProvider"
212-->src\main\AndroidManifest.xml:183:13-67
213            android:authorities="com.pokemodpro.vn.androidx-startup"
213-->src\main\AndroidManifest.xml:185:13-69
214            android:exported="false" >
214-->src\main\AndroidManifest.xml:184:13-37
215            <meta-data
215-->src\main\AndroidManifest.xml:186:13-188:51
216                android:name="androidx.emoji2.text.EmojiCompatInitializer"
216-->src\main\AndroidManifest.xml:187:17-75
217                android:value="androidx.startup" />
217-->src\main\AndroidManifest.xml:188:17-49
218            <meta-data
218-->src\main\AndroidManifest.xml:189:13-191:51
219                android:name="androidx.lifecycle.ProcessLifecycleInitializer"
219-->src\main\AndroidManifest.xml:190:17-78
220                android:value="androidx.startup" />
220-->src\main\AndroidManifest.xml:191:17-49
221        </provider>
222
223        <meta-data
223-->src\main\AndroidManifest.xml:193:9-195:35
224            android:name="com.android.vending.splits.required"
224-->src\main\AndroidManifest.xml:194:13-63
225            android:value="true" />
225-->src\main\AndroidManifest.xml:195:13-33
226        <meta-data
226-->src\main\AndroidManifest.xml:196:9-198:60
227            android:name="com.android.stamp.source"
227-->src\main\AndroidManifest.xml:197:13-52
228            android:value="https://play.google.com/store" />
228-->src\main\AndroidManifest.xml:198:13-58
229        <meta-data
229-->src\main\AndroidManifest.xml:199:9-201:58
230            android:name="com.android.stamp.type"
230-->src\main\AndroidManifest.xml:200:13-50
231            android:value="STAMP_TYPE_DISTRIBUTION_APK" />
231-->src\main\AndroidManifest.xml:201:13-56
232        <meta-data
232-->src\main\AndroidManifest.xml:202:9-204:46
233            android:name="com.android.vending.splits"
233-->src\main\AndroidManifest.xml:203:13-54
234            android:resource="@xml/splits0" />
234-->src\main\AndroidManifest.xml:204:13-44
235        <meta-data
235-->src\main\AndroidManifest.xml:205:9-207:33
236            android:name="com.android.vending.derived.apk.id"
236-->src\main\AndroidManifest.xml:206:13-62
237            android:value="17" />
237-->src\main\AndroidManifest.xml:207:13-31
238    </application>
239
240</manifest>